
SocketIOServer running on 0.0.0.0:9000


SocketIOServer running on 0.0.0.0:9000


SocketIOServer running on 0.0.0.0:9000


SocketIOServer running on 0.0.0.0:9000


SocketIOServer running on 0.0.0.0:9000


SocketIOServer running on 0.0.0.0:9000


SocketIOServer running on 0.0.0.0:9000


SocketIOServer running on 0.0.0.0:9000


SocketIOServer running on 0.0.0.0:9000


SocketIOServer running on 0.0.0.0:9000


SocketIOServer running on 0.0.0.0:9000


SocketIOServer running on 0.0.0.0:9000


SocketIOServer running on 0.0.0.0:9000

MENSAJE: hola
MENSAJE: que tal?
MENSAJE: genial!!!!!!
MENSAJE: estoy euforico!!!!!!!!
MENSAJE: xDDDD
MENSAJE: hola cabroncete
MENSAJE: hola campeon!!
MENSAJE: eres un crack!
MENSAJE: CRACK!!!
MENSAJE: TIGRETON!
MENSAJE: hola
MENSAJE: q haces?
MENSAJE: nada... contemplar esto jajajaja
MENSAJE: q guapo esta macho
MENSAJE: va genial :-)
MENSAJE: eyyy
MENSAJE: hola
MENSAJE: que haceiss
MENSAJE: hola cristi hija
MENSAJE: holaaaa

SocketIOServer running on 0.0.0.0:9000


SocketIOServer running on 0.0.0.0:9000

MENSAJE: que haces bobo
MENSAJE: eeeeeeee
MENSAJE: ?
MENSAJE: eeeeeee
MENSAJE: jajajaja

Reloading...

SocketIOServer running on 0.0.0.0:9000


Reloading...

SocketIOServer running on 0.0.0.0:9000

MENSAJE: hola macho
MENSAJE: que haces aqui todavia?
MENSAJE: vaya tela, menudo frikazo
MENSAJE: eeeeee
MENSAJE: :-)
MENSAJE: hola
MENSAJE: que tal
MENSAJE: bien
MENSAJE: Hola
MENSAJE: Hola
MENSAJE: Hola
MENSAJE: Hola
MENSAJE: Hola
MENSAJE: Hola
MENSAJE: Hola
MENSAJE: Hola
MENSAJE: Hola
MENSAJE: Hola
MENSAJE: Hola
MENSAJE: Hola
MENSAJE: Hola
MENSAJE: Hola
MENSAJE: Hola
MENSAJE: Hola
MENSAJE: Hola
MENSAJE: Hola
MENSAJE: Hola
MENSAJE: Hola
MENSAJE: Hola
MENSAJE: Hola
MENSAJE: Hola
MENSAJE: Hola
MENSAJE: Hola
MENSAJE: Hola
MENSAJE: Hola
MENSAJE: Hola
MENSAJE: hola FLEQ2-bot!!!
MENSAJE: Hola
MENSAJE: Hola
MENSAJE: Hola
MENSAJE: Hola
MENSAJE: Hola
MENSAJE: Hola
MENSAJE: Hola
MENSAJE: Hola
MENSAJE: Hola
MENSAJE: Hola
MENSAJE: Hola

Reloading...

SocketIOServer running on 0.0.0.0:9000


Reloading...
